<?xml version="1.0" encoding="UTF-8"?>
<testsuite xmlns:xsi="http://www.w3.org/2001/XMLSchema-instance" xsi:noNamespaceSchemaLocation="https://maven.apache.org/surefire/maven-surefire-plugin/xsd/surefire-test-report.xsd" name="com.dev4tests.junit.examen.EvaluateurNiveauJUnit5Test" time="0.224" tests="12" errors="0" skipped="0" failures="0">
  <properties>
[...]
</properties>
  <testcase name="testMauvaisFormatExamen" classname="com.dev4tests.junit.examen.EvaluateurNiveauJUnit5Test" time="0.016"/>
  <testcase name="testValeurHorsBornesCours" classname="com.dev4tests.junit.examen.EvaluateurNiveauJUnit5Test" time="0"/>
  <testcase name="testValeurHorsBornesExamen" classname="com.dev4tests.junit.examen.EvaluateurNiveauJUnit5Test" time="0"/>
  <testcase name="testMauvaisFormatCours" classname="com.dev4tests.junit.examen.EvaluateurNiveauJUnit5Test" time="0"/>
  <testcase name="testsLimitesEvaluateurNiveau{String, String, String}[1]" classname="com.dev4tests.junit.examen.EvaluateurNiveauJUnit5Test" time="0.016"/>
  <testcase name="testsLimitesEvaluateurNiveau{String, String, String}[2]" classname="com.dev4tests.junit.examen.EvaluateurNiveauJUnit5Test" time="0"/>
  <testcase name="testsLimitesEvaluateurNiveau{String, String, String}[3]" classname="com.dev4tests.junit.examen.EvaluateurNiveauJUnit5Test" time="0"/>
  <testcase name="testsLimitesEvaluateurNiveau{String, String, String}[4]" classname="com.dev4tests.junit.examen.EvaluateurNiveauJUnit5Test" time="0"/>
  <testcase name="testsLimitesEvaluateurNiveau{String, String, String}[5]" classname="com.dev4tests.junit.examen.EvaluateurNiveauJUnit5Test" time="0"/>
  <testcase name="testsLimitesEvaluateurNiveau{String, String, String}[6]" classname="com.dev4tests.junit.examen.EvaluateurNiveauJUnit5Test" time="0"/>
  <testcase name="testsLimitesEvaluateurNiveau{String, String, String}[7]" classname="com.dev4tests.junit.examen.EvaluateurNiveauJUnit5Test" time="0"/>
  <testcase name="testsLimitesEvaluateurNiveau{String, String, String}[8]" classname="com.dev4tests.junit.examen.EvaluateurNiveauJUnit5Test" time="0"/>
</testsuite>